<?xml version="1.0" encoding="UTF-8"?>
<testsuites name="TC_Logout_test listener_TS" time="32.323" tests="1" failures="0" errors="0">
   <testsuite name="TC_Logout_test listener_TS" tests="1" failures="0" errors="0" time="32.323" skipped="0" timestamp="09-02-2024T23:53:08" hostname="ANILKUMAR - DESKTOP-FOKPJIU" id="Test Suites/Logout_test listener_TS/TC_Logout_test listener_TS">
      <properties>
         <property name="deviceName" value=""/>
         <property name="devicePlatform" value=""/>
         <property name="logFolder" value="C:\\Users\\ANILKUMAR\\git\\SI-GuidedProject-705265-1704860256\\Reports\\20240209_235303\\Logout_test listener_TS\\TC_Logout_test listener_TS\\20240209_235303"/>
         <property name="logFiles" value="C:\\Users\\ANILKUMAR\\git\\SI-GuidedProject-705265-1704860256\\Reports\\20240209_235303\\Logout_test listener_TS\\TC_Logout_test listener_TS\\20240209_235303\\execution0.log"/>
         <property name="attachments" value="C:\\Users\\ANILKUMAR\\git\\SI-GuidedProject-705265-1704860256\\Reports\\20240209_235303\\Logout_test listener_TS\\TC_Logout_test listener_TS\\20240209_235303\\1707503018439.png"/>
         <property name="hostName" value="ANILKUMAR - DESKTOP-FOKPJIU"/>
         <property name="os" value="Windows 10 64bit"/>
         <property name="katalonVersion" value="9.1.0.212"/>
         <property name="browser" value="Chrome 121.0.0.0"/>
         <property name="hostAddress" value="192.168.29.213"/>
         <property name="sessionId" value="0462e4a6f32678c52bc4da816f839be5"/>
         <property name="seleniumVersion" value="3.141.59"/>
         <property name="proxyInformation" value="ProxyInformation { proxyOption=NO_PROXY, proxyServerType=HTTP, username=, password=********, proxyServerAddress=, proxyServerPort=0, executionList=&quot;&quot;, isApplyToDesiredCapabilities=true }"/>
         <property name="platform" value="Windows 10"/>
      </properties>
      <testcase name="Test Cases/Logout_test listener/TC_Logout_test listener" time="26.038" classname="Test Cases/Logout_test listener/TC_Logout_test listener" status="PASSED">
         <system-out><![CDATA[09-02-2024T23:53:14 - [TEST_CASE][PASSED] - Test Cases/Logout_test listener/TC_Logout_test listener: Test Cases/Logout_test listener/TC_Logout_test listener

09-02-2024T23:53:14 - [TEST_STEP][PASSED] - Start listener action : sampleBeforeTestCase: Object: 'Object Repository/TC_logout_test listener_OR/Page_Facebook  log in or sign up/button_Sign Up' is clicked on

09-02-2024T23:53:14 - [TEST_STEP][PASSED] - click(findTestObject("Object Repository/TC_logout_test listener_OR/Page_Facebook  log in or sign up/a_Create new account")): Object: 'Object Repository/TC_logout_test listener_OR/Page_Facebook  log in or sign up/a_Create new account' is clicked on

09-02-2024T23:53:14 - [MESSAGE][PASSED] - Object: 'Object Repository/TC_logout_test listener_OR/Page_Facebook  log in or sign up/a_Create new account' is clicked on

09-02-2024T23:53:14 - [TEST_STEP][PASSED] - setText(findTestObject("Object Repository/TC_logout_test listener_OR/Page_Facebook  log in or sign up/input_firstname"), "anil"): Text 'anil' is set on object 'Object Repository/TC_logout_test listener_OR/Page_Facebook  log in or sign up/input_firstname'

09-02-2024T23:53:16 - [MESSAGE][PASSED] - Text 'anil' is set on object 'Object Repository/TC_logout_test listener_OR/Page_Facebook  log in or sign up/input_firstname'

09-02-2024T23:53:16 - [TEST_STEP][PASSED] - setText(findTestObject("Object Repository/TC_logout_test listener_OR/Page_Facebook  log in or sign up/input_lastname"), "chelimilla"): Text 'chelimilla' is set on object 'Object Repository/TC_logout_test listener_OR/Page_Facebook  log in or sign up/input_lastname'

09-02-2024T23:53:17 - [MESSAGE][PASSED] - Text 'chelimilla' is set on object 'Object Repository/TC_logout_test listener_OR/Page_Facebook  log in or sign up/input_lastname'

09-02-2024T23:53:17 - [TEST_STEP][PASSED] - setText(findTestObject("Object Repository/TC_logout_test listener_OR/Page_Facebook  log in or sign up/input_reg_email__"), "ch.anil9cc@gmail.com"): Text 'ch.anil9cc@gmail.com' is set on object 'Object Repository/TC_logout_test listener_OR/Page_Facebook  log in or sign up/input_reg_email__'

09-02-2024T23:53:18 - [MESSAGE][PASSED] - Text 'ch.anil9cc@gmail.com' is set on object 'Object Repository/TC_logout_test listener_OR/Page_Facebook  log in or sign up/input_reg_email__'

09-02-2024T23:53:18 - [TEST_STEP][PASSED] - setText(findTestObject("Object Repository/TC_logout_test listener_OR/Page_Facebook  log in or sign up/input_reg_email_confirmation__"), "ch.anil9cc@gmail.com"): Text 'ch.anil9cc@gmail.com' is set on object 'Object Repository/TC_logout_test listener_OR/Page_Facebook  log in or sign up/input_reg_email_confirmation__'

09-02-2024T23:53:19 - [MESSAGE][PASSED] - Text 'ch.anil9cc@gmail.com' is set on object 'Object Repository/TC_logout_test listener_OR/Page_Facebook  log in or sign up/input_reg_email_confirmation__'

09-02-2024T23:53:19 - [TEST_STEP][PASSED] - setEncryptedText(findTestObject("Object Repository/TC_logout_test listener_OR/Page_Facebook  log in or sign up/input_reg_passwd__"), "qpR5QGbtPO/Q9OPNRZU6Dg=="): Text ****** has been set on object 'Object Repository/TC_logout_test listener_OR/Page_Facebook  log in or sign up/input_reg_passwd__'

09-02-2024T23:53:19 - [MESSAGE][PASSED] - Text ****** has been set on object 'Object Repository/TC_logout_test listener_OR/Page_Facebook  log in or sign up/input_reg_passwd__'

09-02-2024T23:53:19 - [TEST_STEP][PASSED] - selectOptionByValue(findTestObject("Object Repository/TC_logout_test listener_OR/Page_Facebook  log in or sign up/select_123456789101112131415161718192021222_566da4"), "7", true): All options with value '7' are selected in object 'Object Repository/TC_logout_test listener_OR/Page_Facebook  log in or sign up/select_123456789101112131415161718192021222_566da4'  using regular expression

09-02-2024T23:53:21 - [MESSAGE][PASSED] - All options with value '7' are selected in object 'Object Repository/TC_logout_test listener_OR/Page_Facebook  log in or sign up/select_123456789101112131415161718192021222_566da4'  using regular expression

09-02-2024T23:53:21 - [TEST_STEP][PASSED] - selectOptionByValue(findTestObject("Object Repository/TC_logout_test listener_OR/Page_Facebook  log in or sign up/select_123456789101112131415161718192021222_566da4"), "16", true): All options with value '16' are selected in object 'Object Repository/TC_logout_test listener_OR/Page_Facebook  log in or sign up/select_123456789101112131415161718192021222_566da4'  using regular expression

09-02-2024T23:53:23 - [MESSAGE][PASSED] - All options with value '16' are selected in object 'Object Repository/TC_logout_test listener_OR/Page_Facebook  log in or sign up/select_123456789101112131415161718192021222_566da4'  using regular expression

09-02-2024T23:53:23 - [TEST_STEP][PASSED] - selectOptionByValue(findTestObject("Object Repository/TC_logout_test listener_OR/Page_Facebook  log in or sign up/select_JanFebMarAprMayJunJulAugSepOctNovDec"), "5", true): All options with value '5' are selected in object 'Object Repository/TC_logout_test listener_OR/Page_Facebook  log in or sign up/select_JanFebMarAprMayJunJulAugSepOctNovDec'  using regular expression

09-02-2024T23:53:24 - [MESSAGE][PASSED] - All options with value '5' are selected in object 'Object Repository/TC_logout_test listener_OR/Page_Facebook  log in or sign up/select_JanFebMarAprMayJunJulAugSepOctNovDec'  using regular expression

09-02-2024T23:53:24 - [TEST_STEP][PASSED] - selectOptionByValue(findTestObject("Object Repository/TC_logout_test listener_OR/Page_Facebook  log in or sign up/select_202420232022202120202019201820172016_7237a8"), "2022", true): All options with value '2022' are selected in object 'Object Repository/TC_logout_test listener_OR/Page_Facebook  log in or sign up/select_202420232022202120202019201820172016_7237a8'  using regular expression

09-02-2024T23:53:26 - [MESSAGE][PASSED] - All options with value '2022' are selected in object 'Object Repository/TC_logout_test listener_OR/Page_Facebook  log in or sign up/select_202420232022202120202019201820172016_7237a8'  using regular expression

09-02-2024T23:53:26 - [TEST_STEP][PASSED] - selectOptionByValue(findTestObject("Object Repository/TC_logout_test listener_OR/Page_Facebook  log in or sign up/select_202420232022202120202019201820172016_7237a8"), "2001", true): All options with value '2001' are selected in object 'Object Repository/TC_logout_test listener_OR/Page_Facebook  log in or sign up/select_202420232022202120202019201820172016_7237a8'  using regular expression

09-02-2024T23:53:28 - [MESSAGE][PASSED] - All options with value '2001' are selected in object 'Object Repository/TC_logout_test listener_OR/Page_Facebook  log in or sign up/select_202420232022202120202019201820172016_7237a8'  using regular expression

09-02-2024T23:53:28 - [TEST_STEP][PASSED] - click(findTestObject("Object Repository/TC_logout_test listener_OR/Page_Facebook  log in or sign up/input_sex")): Object: 'Object Repository/TC_logout_test listener_OR/Page_Facebook  log in or sign up/input_sex' is clicked on

09-02-2024T23:53:28 - [MESSAGE][PASSED] - Object: 'Object Repository/TC_logout_test listener_OR/Page_Facebook  log in or sign up/input_sex' is clicked on

09-02-2024T23:53:28 - [TEST_STEP][PASSED] - click(findTestObject("Object Repository/TC_logout_test listener_OR/Page_Facebook  log in or sign up/button_Sign Up")): Object: 'Object Repository/TC_logout_test listener_OR/Page_Facebook  log in or sign up/button_Sign Up' is clicked on

09-02-2024T23:53:29 - [MESSAGE][PASSED] - Object: 'Object Repository/TC_logout_test listener_OR/Page_Facebook  log in or sign up/button_Sign Up' is clicked on

09-02-2024T23:53:29 - [TEST_STEP][PASSED] - click(findTestObject("TC_logout_test listener_OR/Page_Facebook/span_x4k7w5x x1h91t0o x1h9r5lt x1jfb8zj xv2_c8d3b2")): Object: 'Object Repository/TC_logout_test listener_OR/Page_Facebook/span_x4k7w5x x1h91t0o x1h9r5lt x1jfb8zj xv2_c8d3b2' is clicked on

09-02-2024T23:53:29 - [MESSAGE][WARNING] - [SELF-HEALING] Failed to find element with id 'Object Repository/TC_logout_test listener_OR/Page_Facebook/span_x4k7w5x x1h91t0o x1h9r5lt x1jfb8zj xv2_c8d3b2'. Try using Self-healing.

09-02-2024T23:53:36 - [MESSAGE][INFO] - Unable to find the element located by 'By.xpath: //div[@id='mount_0_0_aj']/div/div/div/div[2]/div[5]/div/span'. Please recheck the objects properties to make sure the desired element is located. 

09-02-2024T23:53:36 - [MESSAGE][INFO] - [SELF-HEALING] Failed Locator: '//div[@id='mount_0_0_aj']/div/div/div/div[2]/div[5]/div/span'.

09-02-2024T23:53:37 - [MESSAGE][INFO] - [SELF-HEALING] Working Locator: '//div/span'.

09-02-2024T23:53:37 - [MESSAGE][INFO] - [SELF-HEALING] Screenshot: C:/Users/ANILKUMAR/git/SI-GuidedProject-705265-1704860256/Reports/Self-healing/Object Repository/TC_logout_test listener_OR/Page_Facebook/span_x4k7w5x x1h91t0o x1h9r5lt x1jfb8zj xv2_c8d3b2_position.png

09-02-2024T23:53:37 - [MESSAGE][WARNING] - [SELF-HEALING] The current locator of test object 'Object Repository/TC_logout_test listener_OR/Page_Facebook/span_x4k7w5x x1h91t0o x1h9r5lt x1jfb8zj xv2_c8d3b2' was broken. Propose an alternative one: '//div/span'.

09-02-2024T23:53:37 - [MESSAGE][PASSED] - Object: 'Object Repository/TC_logout_test listener_OR/Page_Facebook/span_x4k7w5x x1h91t0o x1h9r5lt x1jfb8zj xv2_c8d3b2' is clicked on

09-02-2024T23:53:37 - [TEST_STEP][PASSED] - click(findTestObject("Object Repository/TC_logout_test listener_OR/Page_Facebook/span_Log out")): Object: 'Object Repository/TC_logout_test listener_OR/Page_Facebook/span_Log out' is clicked on

09-02-2024T23:53:37 - [MESSAGE][WARNING] - [SELF-HEALING] Failed to find element with id 'Object Repository/TC_logout_test listener_OR/Page_Facebook/span_Log out'. Try using Self-healing.

09-02-2024T23:53:38 - [MESSAGE][WARNING] - [SELF-HEALING] The current locator of test object 'Object Repository/TC_logout_test listener_OR/Page_Facebook/span_Log out' was broken. Propose an alternative one: '//div[5]/div/div/div[2]/div/div/div/div/span'.

09-02-2024T23:53:38 - [MESSAGE][PASSED] - Object: 'Object Repository/TC_logout_test listener_OR/Page_Facebook/span_Log out' is clicked on

09-02-2024T23:53:38 - [TEST_STEP][ERROR] - Start listener action : sampleAfterTestCase: com.kms.katalon.core.exception.StepFailedException: Unable to click on object
	at com.kms.katalon.core.webui.keyword.internal.WebUIKeywordMain.stepFailed(WebUIKeywordMain.groovy:64)
	at com.kms.katalon.core.webui.keyword.internal.WebUIKeywordMain.runKeyword(WebUIKeywordMain.groovy:26)
	at com.kms.katalon.core.webui.keyword.builtin.ClickKeyword.click(ClickKeyword.groovy:74)
	at com.kms.katalon.core.webui.keyword.builtin.ClickKeyword.execute(ClickKeyword.groovy:40)
	at com.kms.katalon.core.keyword.internal.KeywordExecutor.executeKeywordForPlatform(KeywordExecutor.groovy:74)
	at com.kms.katalon.core.webui.keyword.WebUiBuiltInKeywords.click(WebUiBuiltInKeywords.groovy:659)
	at Facebook_registration_logout_TL.sampleAfterTestCase(Facebook_registration_logout_TL.groovy:72)
	at java.base/jdk.internal.reflect.NativeMethodAccessorImpl.invoke0(Native Method)
	at java.base/jdk.internal.reflect.NativeMethodAccessorImpl.invoke(NativeMethodAccessorImpl.java:77)
	at java.base/jdk.internal.reflect.DelegatingMethodAccessorImpl.invoke(DelegatingMethodAccessorImpl.java:43)
	at com.kms.katalon.core.context.internal.TestHooker.invokeMethod(TestHooker.java:111)
	at com.kms.katalon.core.context.internal.TestHooker.lambda$3(TestHooker.java:95)
	at com.kms.katalon.core.context.internal.TestHooker.invokeContextMethods(TestHooker.java:94)
	at com.kms.katalon.core.context.internal.TestListenerCollector.lambda$3(TestListenerCollector.java:88)
	at com.kms.katalon.core.context.internal.TestListenerCollector.handleListenerEvent(TestListenerCollector.java:85)
	at com.kms.katalon.core.context.internal.ExecutionEventManager.publicEvent(ExecutionEventManager.java:36)
	at com.kms.katalon.core.main.TestCaseExecutor.execute(TestCaseExecutor.java:315)
	at com.kms.katalon.core.common.CommonExecutor.accessTestCaseMainPhase(CommonExecutor.java:65)
	at com.kms.katalon.core.main.TestSuiteExecutor.accessTestSuiteMainPhase(TestSuiteExecutor.java:148)
	at com.kms.katalon.core.main.TestSuiteExecutor.execute(TestSuiteExecutor.java:106)
	at com.kms.katalon.core.main.TestCaseMain.startTestSuite(TestCaseMain.java:180)
	at TempTestSuite1707502983939.run(TempTestSuite1707502983939.groovy:36)
	at java.base/jdk.internal.reflect.NativeMethodAccessorImpl.invoke0(Native Method)
	at java.base/jdk.internal.reflect.NativeMethodAccessorImpl.invoke(NativeMethodAccessorImpl.java:77)
	at java.base/jdk.internal.reflect.DelegatingMethodAccessorImpl.invoke(DelegatingMethodAccessorImpl.java:43)
Caused by: java.lang.IllegalArgumentException: Object is null
	at com.kms.katalon.core.helper.KeywordHelper.checkTestObjectParameter(KeywordHelper.java:33)
	at com.kms.katalon.core.webui.keyword.builtin.ClickKeyword$_click_closure1.doCall(ClickKeyword.groovy:62)
	at com.kms.katalon.core.webui.keyword.builtin.ClickKeyword$_click_closure1.call(ClickKeyword.groovy)
	at com.kms.katalon.core.webui.keyword.internal.WebUIKeywordMain.runKeyword(WebUIKeywordMain.groovy:20)
	... 23 more


09-02-2024T23:53:38 - [TEST_STEP][ERROR] - click(findTestObject("TC_Logout_OR/Page_Facebook/span_x4k7w5x x1h91t0o x1h9r5lt x1jfb8zj xv2_c8d3b2")): com.kms.katalon.core.exception.StepFailedException: Unable to click on object
	at com.kms.katalon.core.webui.keyword.internal.WebUIKeywordMain.stepFailed(WebUIKeywordMain.groovy:64)
	at com.kms.katalon.core.webui.keyword.internal.WebUIKeywordMain.runKeyword(WebUIKeywordMain.groovy:26)
	at com.kms.katalon.core.webui.keyword.builtin.ClickKeyword.click(ClickKeyword.groovy:74)
	at com.kms.katalon.core.webui.keyword.builtin.ClickKeyword.execute(ClickKeyword.groovy:40)
	at com.kms.katalon.core.keyword.internal.KeywordExecutor.executeKeywordForPlatform(KeywordExecutor.groovy:74)
	at com.kms.katalon.core.webui.keyword.WebUiBuiltInKeywords.click(WebUiBuiltInKeywords.groovy:659)
	at Facebook_registration_logout_TL.sampleAfterTestCase(Facebook_registration_logout_TL.groovy:72)
	at java.base/jdk.internal.reflect.NativeMethodAccessorImpl.invoke0(Native Method)
	at java.base/jdk.internal.reflect.NativeMethodAccessorImpl.invoke(NativeMethodAccessorImpl.java:77)
	at java.base/jdk.internal.reflect.DelegatingMethodAccessorImpl.invoke(DelegatingMethodAccessorImpl.java:43)
	at com.kms.katalon.core.context.internal.TestHooker.invokeMethod(TestHooker.java:111)
	at com.kms.katalon.core.context.internal.TestHooker.lambda$3(TestHooker.java:95)
	at com.kms.katalon.core.context.internal.TestHooker.invokeContextMethods(TestHooker.java:94)
	at com.kms.katalon.core.context.internal.TestListenerCollector.lambda$3(TestListenerCollector.java:88)
	at com.kms.katalon.core.context.internal.TestListenerCollector.handleListenerEvent(TestListenerCollector.java:85)
	at com.kms.katalon.core.context.internal.ExecutionEventManager.publicEvent(ExecutionEventManager.java:36)
	at com.kms.katalon.core.main.TestCaseExecutor.execute(TestCaseExecutor.java:315)
	at com.kms.katalon.core.common.CommonExecutor.accessTestCaseMainPhase(CommonExecutor.java:65)
	at com.kms.katalon.core.main.TestSuiteExecutor.accessTestSuiteMainPhase(TestSuiteExecutor.java:148)
	at com.kms.katalon.core.main.TestSuiteExecutor.execute(TestSuiteExecutor.java:106)
	at com.kms.katalon.core.main.TestCaseMain.startTestSuite(TestCaseMain.java:180)
	at TempTestSuite1707502983939.run(TempTestSuite1707502983939.groovy:36)
	at java.base/jdk.internal.reflect.NativeMethodAccessorImpl.invoke0(Native Method)
	at java.base/jdk.internal.reflect.NativeMethodAccessorImpl.invoke(NativeMethodAccessorImpl.java:77)
	at java.base/jdk.internal.reflect.DelegatingMethodAccessorImpl.invoke(DelegatingMethodAccessorImpl.java:43)
Caused by: java.lang.IllegalArgumentException: Object is null
	at com.kms.katalon.core.helper.KeywordHelper.checkTestObjectParameter(KeywordHelper.java:33)
	at com.kms.katalon.core.webui.keyword.builtin.ClickKeyword$_click_closure1.doCall(ClickKeyword.groovy:62)
	at com.kms.katalon.core.webui.keyword.builtin.ClickKeyword$_click_closure1.call(ClickKeyword.groovy)
	at com.kms.katalon.core.webui.keyword.internal.WebUIKeywordMain.runKeyword(WebUIKeywordMain.groovy:20)
	... 23 more


09-02-2024T23:53:38 - [MESSAGE][WARNING] - Test object with id 'Object Repository/TC_Logout_OR/Page_Facebook/span_x4k7w5x x1h91t0o x1h9r5lt x1jfb8zj xv2_c8d3b2' does not exist

09-02-2024T23:53:38 - [MESSAGE][WARNING] - Test object with id 'Object Repository/' does not exist

09-02-2024T23:53:40 - [MESSAGE][FAILED] - Unable to click on object (Root cause: com.kms.katalon.core.exception.StepFailedException: Unable to click on object
	at com.kms.katalon.core.webui.keyword.internal.WebUIKeywordMain.stepFailed(WebUIKeywordMain.groovy:64)
	at com.kms.katalon.core.webui.keyword.internal.WebUIKeywordMain.runKeyword(WebUIKeywordMain.groovy:26)
	at com.kms.katalon.core.webui.keyword.builtin.ClickKeyword.click(ClickKeyword.groovy:74)
	at com.kms.katalon.core.webui.keyword.builtin.ClickKeyword.execute(ClickKeyword.groovy:40)
	at com.kms.katalon.core.keyword.internal.KeywordExecutor.executeKeywordForPlatform(KeywordExecutor.groovy:74)
	at com.kms.katalon.core.webui.keyword.WebUiBuiltInKeywords.click(WebUiBuiltInKeywords.groovy:659)
	at Facebook_registration_logout_TL.sampleAfterTestCase(Facebook_registration_logout_TL.groovy:72)
	at java.base/jdk.internal.reflect.NativeMethodAccessorImpl.invoke0(Native Method)
	at java.base/jdk.internal.reflect.NativeMethodAccessorImpl.invoke(NativeMethodAccessorImpl.java:77)
	at java.base/jdk.internal.reflect.DelegatingMethodAccessorImpl.invoke(DelegatingMethodAccessorImpl.java:43)
	at com.kms.katalon.core.context.internal.TestHooker.invokeMethod(TestHooker.java:111)
	at com.kms.katalon.core.context.internal.TestHooker.lambda$3(TestHooker.java:95)
	at com.kms.katalon.core.context.internal.TestHooker.invokeContextMethods(TestHooker.java:94)
	at com.kms.katalon.core.context.internal.TestListenerCollector.lambda$3(TestListenerCollector.java:88)
	at com.kms.katalon.core.context.internal.TestListenerCollector.handleListenerEvent(TestListenerCollector.java:85)
	at com.kms.katalon.core.context.internal.ExecutionEventManager.publicEvent(ExecutionEventManager.java:36)
	at com.kms.katalon.core.main.TestCaseExecutor.execute(TestCaseExecutor.java:315)
	at com.kms.katalon.core.common.CommonExecutor.accessTestCaseMainPhase(CommonExecutor.java:65)
	at com.kms.katalon.core.main.TestSuiteExecutor.accessTestSuiteMainPhase(TestSuiteExecutor.java:148)
	at com.kms.katalon.core.main.TestSuiteExecutor.execute(TestSuiteExecutor.java:106)
	at com.kms.katalon.core.main.TestCaseMain.startTestSuite(TestCaseMain.java:180)
	at TempTestSuite1707502983939.run(TempTestSuite1707502983939.groovy:36)
	at java.base/jdk.internal.reflect.NativeMethodAccessorImpl.invoke0(Native Method)
	at java.base/jdk.internal.reflect.NativeMethodAccessorImpl.invoke(NativeMethodAccessorImpl.java:77)
	at java.base/jdk.internal.reflect.DelegatingMethodAccessorImpl.invoke(DelegatingMethodAccessorImpl.java:43)
Caused by: java.lang.IllegalArgumentException: Object is null
	at com.kms.katalon.core.helper.KeywordHelper.checkTestObjectParameter(KeywordHelper.java:33)
	at com.kms.katalon.core.webui.keyword.builtin.ClickKeyword$_click_closure1.doCall(ClickKeyword.groovy:62)
	at com.kms.katalon.core.webui.keyword.builtin.ClickKeyword$_click_closure1.call(ClickKeyword.groovy)
	at com.kms.katalon.core.webui.keyword.internal.WebUIKeywordMain.runKeyword(WebUIKeywordMain.groovy:20)
	... 23 more
)
[[ATTACHMENT|C:\\Users\\ANILKUMAR\\git\\SI-GuidedProject-705265-1704860256\\Reports\\20240209_235303\\Logout_test listener_TS\\TC_Logout_test listener_TS\\20240209_235303\\1707503018439.png]]

09-02-2024T23:53:40 - [MESSAGE][ERROR] - com.kms.katalon.core.exception.StepFailedException: Unable to click on object
	at com.kms.katalon.core.webui.keyword.internal.WebUIKeywordMain.stepFailed(WebUIKeywordMain.groovy:64)
	at com.kms.katalon.core.webui.keyword.internal.WebUIKeywordMain.runKeyword(WebUIKeywordMain.groovy:26)
	at com.kms.katalon.core.webui.keyword.builtin.ClickKeyword.click(ClickKeyword.groovy:74)
	at com.kms.katalon.core.webui.keyword.builtin.ClickKeyword.execute(ClickKeyword.groovy:40)
	at com.kms.katalon.core.keyword.internal.KeywordExecutor.executeKeywordForPlatform(KeywordExecutor.groovy:74)
	at com.kms.katalon.core.webui.keyword.WebUiBuiltInKeywords.click(WebUiBuiltInKeywords.groovy:659)
	at Facebook_registration_logout_TL.sampleAfterTestCase(Facebook_registration_logout_TL.groovy:72)
	at java.base/jdk.internal.reflect.NativeMethodAccessorImpl.invoke0(Native Method)
	at java.base/jdk.internal.reflect.NativeMethodAccessorImpl.invoke(NativeMethodAccessorImpl.java:77)
	at java.base/jdk.internal.reflect.DelegatingMethodAccessorImpl.invoke(DelegatingMethodAccessorImpl.java:43)
	at com.kms.katalon.core.context.internal.TestHooker.invokeMethod(TestHooker.java:111)
	at com.kms.katalon.core.context.internal.TestHooker.lambda$3(TestHooker.java:95)
	at com.kms.katalon.core.context.internal.TestHooker.invokeContextMethods(TestHooker.java:94)
	at com.kms.katalon.core.context.internal.TestListenerCollector.lambda$3(TestListenerCollector.java:88)
	at com.kms.katalon.core.context.internal.TestListenerCollector.handleListenerEvent(TestListenerCollector.java:85)
	at com.kms.katalon.core.context.internal.ExecutionEventManager.publicEvent(ExecutionEventManager.java:36)
	at com.kms.katalon.core.main.TestCaseExecutor.execute(TestCaseExecutor.java:315)
	at com.kms.katalon.core.common.CommonExecutor.accessTestCaseMainPhase(CommonExecutor.java:65)
	at com.kms.katalon.core.main.TestSuiteExecutor.accessTestSuiteMainPhase(TestSuiteExecutor.java:148)
	at com.kms.katalon.core.main.TestSuiteExecutor.execute(TestSuiteExecutor.java:106)
	at com.kms.katalon.core.main.TestCaseMain.startTestSuite(TestCaseMain.java:180)
	at TempTestSuite1707502983939.run(TempTestSuite1707502983939.groovy:36)
	at java.base/jdk.internal.reflect.NativeMethodAccessorImpl.invoke0(Native Method)
	at java.base/jdk.internal.reflect.NativeMethodAccessorImpl.invoke(NativeMethodAccessorImpl.java:77)
	at java.base/jdk.internal.reflect.DelegatingMethodAccessorImpl.invoke(DelegatingMethodAccessorImpl.java:43)
Caused by: java.lang.IllegalArgumentException: Object is null
	at com.kms.katalon.core.helper.KeywordHelper.checkTestObjectParameter(KeywordHelper.java:33)
	at com.kms.katalon.core.webui.keyword.builtin.ClickKeyword$_click_closure1.doCall(ClickKeyword.groovy:62)
	at com.kms.katalon.core.webui.keyword.builtin.ClickKeyword$_click_closure1.call(ClickKeyword.groovy)
	at com.kms.katalon.core.webui.keyword.internal.WebUIKeywordMain.runKeyword(WebUIKeywordMain.groovy:20)
	... 23 more]]></system-out>
         <system-err><![CDATA[]]></system-err>
      </testcase>
      <system-out><![CDATA[09-02-2024T23:53:08 - [TEST_SUITE][PASSED] - TC_Logout_test listener_TS: Test Cases/Logout_test listener/TC_Logout_test listener]]></system-out>
      <system-err><![CDATA[]]></system-err>
   </testsuite>
</testsuites>
